android-shell/app/build/intermediates/manifest_merge_blame_file/release/processReleaseMainManifest/manifest-merger-blame-release-report.txt
1<?xml version="1.0" encoding="utf-8"?>
2<manifest xmlns:android="http://schemas.android.com/apk/res/android"
3    package="com.hoteldelvalle.kiosco"
4    android:versionCode="3"
5    android:versionName="2.0.1" >
6
7    <uses-sdk
8        android:minSdkVersion="23"
9        android:targetSdkVersion="34" />
10
11    <uses-permission android:name="android.permission.INTERNET" />
11-->src/main/AndroidManifest.xml:4:5-67
11-->src/main/AndroidManifest.xml:4:22-64
12
13    <application
13-->src/main/AndroidManifest.xml:6:5-25:19
14        android:allowBackup="false"
14-->src/main/AndroidManifest.xml:7:9-36
15        android:extractNativeLibs="false"
16        android:icon="@drawable/ic_launcher"
16-->src/main/AndroidManifest.xml:9:9-45
17        android:label="@string/app_name"
17-->src/main/AndroidManifest.xml:10:9-41
18        android:theme="@style/Theme.Kiosko"
18-->src/main/AndroidManifest.xml:11:9-44
19        android:usesCleartextTraffic="true" >
19-->src/main/AndroidManifest.xml:8:9-44
20        <activity
20-->src/main/AndroidManifest.xml:13:9-23:20
21            android:name="com.hoteldelvalle.kiosco.MainActivity"
21-->src/main/AndroidManifest.xml:14:13-41
22            android:configChanges="orientation|screenSize|keyboardHidden"
22-->src/main/AndroidManifest.xml:17:13-74
23            android:exported="true"
23-->src/main/AndroidManifest.xml:15:13-36
24            android:launchMode="singleTask"
24-->src/main/AndroidManifest.xml:18:13-44
25            android:screenOrientation="sensorLandscape" >
25-->src/main/AndroidManifest.xml:16:13-56
26            <intent-filter>
26-->src/main/AndroidManifest.xml:19:13-22:29
27                <action android:name="android.intent.action.MAIN" />
27-->src/main/AndroidManifest.xml:20:17-69
27-->src/main/AndroidManifest.xml:20:25-66
28
29                <category android:name="android.intent.category.LAUNCHER" />
29-->src/main/AndroidManifest.xml:21:17-77
29-->src/main/AndroidManifest.xml:21:27-74
30            </intent-filter>
31        </activity>
32    </application>
33
34</manifest>